2026-02-23 23:21:22,323 DEBUG    root            Loaded Command Group: ['gcloud', 'auth']
2026-02-23 23:21:22,328 DEBUG    root            Loaded Command Group: ['gcloud', 'auth', 'activate_service_account']
2026-02-23 23:21:22,329 DEBUG    root            Running [gcloud.auth.activate-service-account] with arguments: [--key-file: "D:\biur\studio\rabbinat-app-firebase-adminsdk-fbsvc-153237595e.json", --project: "rabbinat-app"]
2026-02-23 23:21:22,376 DEBUG    root            Failed to read GCE cache file: [WinError 2] The system cannot find the file specified: 'D:\\biur\\studio\\.gcloud\\gce'
2026-02-23 23:21:22,503 DEBUG    root            Failed to check metadata server: <urlopen error [Errno 11001] getaddrinfo failed>
2026-02-23 23:21:22,503 DEBUG    root            On GCE from server: False
2026-02-23 23:21:22,566 DEBUG    root            On GCE from memory cache: False
2026-02-23 23:21:22,583 DEBUG    root            On GCE from memory cache: False
2026-02-23 23:21:22,585 DEBUG    google.auth.transport.requests Making request: POST https://oauth2.googleapis.com/token
2026-02-23 23:21:22,587 DEBUG    urllib3.connectionpool Starting new HTTPS connection (1): oauth2.googleapis.com:443
2026-02-23 23:21:22,622 DEBUG    root            (gcloud.auth.activate-service-account) There was a problem refreshing your current auth tokens: HTTPSConnectionPool(host='oauth2.googleapis.com', port=443): Max retries exceeded with url: /token (Caused by NewConnectionError("HTTPSConnection(host='oauth2.googleapis.com', port=443): Failed to establish a new connection: [WinError 10013] An attempt was made to access a socket in a way forbidden by its access permissions"))
Please run:

  $ gcloud auth login

to obtain new credentials.

If you have already logged in with a different account, run:

  $ gcloud config set account ACCOUNT

to select an already authenticated account to use.
Traceback (most recent call last):
  File "C:\Users\USER\AppData\Local\Google\Cloud SDK\google-cloud-sdk\bin\..\lib\third_party\urllib3\connection.py", line 206, in _new_conn
    sock = connection.create_connection(
        (self._dns_host, self.port),
    ...<3 lines>...
        google_protocol_id=self.google_protocol_id,
    )
  File "C:\Users\USER\AppData\Local\Google\Cloud SDK\google-cloud-sdk\bin\..\lib\third_party\urllib3\util\connection.py", line 101, in create_connection
    raise err
  File "C:\Users\USER\AppData\Local\Google\Cloud SDK\google-cloud-sdk\bin\..\lib\third_party\urllib3\util\connection.py", line 89, in create_connection
    sock.connect(sa)
    ~~~~~~~~~~~~^^^^
PermissionError: [WinError 10013] An attempt was made to access a socket in a way forbidden by its access permissions

The above exception was the direct cause of the following exception:

Traceback (most recent call last):
  File "C:\Users\USER\AppData\Local\Google\Cloud SDK\google-cloud-sdk\bin\..\lib\third_party\urllib3\connectionpool.py", line 787, in urlopen
    response = self._make_request(
        conn,
    ...<10 lines>...
        **response_kw,
    )
  File "C:\Users\USER\AppData\Local\Google\Cloud SDK\google-cloud-sdk\bin\..\lib\third_party\urllib3\connectionpool.py", line 488, in _make_request
    raise new_e
  File "C:\Users\USER\AppData\Local\Google\Cloud SDK\google-cloud-sdk\bin\..\lib\third_party\urllib3\connectionpool.py", line 464, in _make_request
    self._validate_conn(conn)
    ~~~~~~~~~~~~~~~~~~~^^^^^^
  File "C:\Users\USER\AppData\Local\Google\Cloud SDK\google-cloud-sdk\bin\..\lib\third_party\urllib3\connectionpool.py", line 1096, in _validate_conn
    conn.connect()
    ~~~~~~~~~~~~^^
  File "C:\Users\USER\AppData\Local\Google\Cloud SDK\google-cloud-sdk\bin\..\lib\third_party\urllib3\connection.py", line 764, in connect
    self.sock = sock = self._new_conn()
                       ~~~~~~~~~~~~~~^^
  File "C:\Users\USER\AppData\Local\Google\Cloud SDK\google-cloud-sdk\bin\..\lib\third_party\urllib3\connection.py", line 222, in _new_conn
    raise NewConnectionError(
        self, f"Failed to establish a new connection: {e}"
    ) from e
urllib3.exceptions.NewConnectionError: HTTPSConnection(host='oauth2.googleapis.com', port=443): Failed to establish a new connection: [WinError 10013] An attempt was made to access a socket in a way forbidden by its access permissions

The above exception was the direct cause of the following exception:

Traceback (most recent call last):
  File "C:\Users\USER\AppData\Local\Google\Cloud SDK\google-cloud-sdk\bin\..\lib\third_party\requests\adapters.py", line 667, in send
    resp = conn.urlopen(
        method=request.method,
    ...<9 lines>...
        chunked=chunked,
    )
  File "C:\Users\USER\AppData\Local\Google\Cloud SDK\google-cloud-sdk\bin\..\lib\third_party\urllib3\connectionpool.py", line 841, in urlopen
    retries = retries.increment(
        method, url, error=new_e, _pool=self, _stacktrace=sys.exc_info()[2]
    )
  File "C:\Users\USER\AppData\Local\Google\Cloud SDK\google-cloud-sdk\bin\..\lib\third_party\urllib3\util\retry.py", line 536, in increment
    raise MaxRetryError(_pool, url, reason) from reason  # type: ignore[arg-type]
    ^^^^^^^^^^^^^^^^^^^^^^^^^^^^^^^^^^^^^^^^^^^^^^^^^^^
urllib3.exceptions.MaxRetryError: HTTPSConnectionPool(host='oauth2.googleapis.com', port=443): Max retries exceeded with url: /token (Caused by NewConnectionError("HTTPSConnection(host='oauth2.googleapis.com', port=443): Failed to establish a new connection: [WinError 10013] An attempt was made to access a socket in a way forbidden by its access permissions"))

During handling of the above exception, another exception occurred:

Traceback (most recent call last):
  File "C:\Users\USER\AppData\Local\Google\Cloud SDK\google-cloud-sdk\bin\..\lib\third_party\google\auth\transport\requests.py", line 186, in __call__
    response = self.session.request(
        method, url, data=body, headers=headers, timeout=timeout, **kwargs
    )
  File "C:\Users\USER\AppData\Local\Google\Cloud SDK\google-cloud-sdk\bin\..\lib\googlecloudsdk\core\transport.py", line 281, in WrappedRequest
    response = orig_request(*modified_args, **modified_kwargs)
  File "C:\Users\USER\AppData\Local\Google\Cloud SDK\google-cloud-sdk\bin\..\lib\googlecloudsdk\core\requests.py", line 658, in WrappedRequest
    return orig_request_method(*args, **kwargs)
  File "C:\Users\USER\AppData\Local\Google\Cloud SDK\google-cloud-sdk\bin\..\lib\third_party\requests\sessions.py", line 589, in request
    resp = self.send(prep, **send_kwargs)
  File "C:\Users\USER\AppData\Local\Google\Cloud SDK\google-cloud-sdk\bin\..\lib\third_party\requests\sessions.py", line 703, in send
    r = adapter.send(request, **kwargs)
  File "C:\Users\USER\AppData\Local\Google\Cloud SDK\google-cloud-sdk\bin\..\lib\third_party\requests\adapters.py", line 700, in send
    raise ConnectionError(e, request=request)
requests.exceptions.ConnectionError: HTTPSConnectionPool(host='oauth2.googleapis.com', port=443): Max retries exceeded with url: /token (Caused by NewConnectionError("HTTPSConnection(host='oauth2.googleapis.com', port=443): Failed to establish a new connection: [WinError 10013] An attempt was made to access a socket in a way forbidden by its access permissions"))

The above exception was the direct cause of the following exception:

Traceback (most recent call last):
  File "C:\Users\USER\AppData\Local\Google\Cloud SDK\google-cloud-sdk\bin\..\lib\googlecloudsdk\calliope\cli.py", line 944, in Execute
    resources = calliope_command.Run(cli=self, args=args)
  File "C:\Users\USER\AppData\Local\Google\Cloud SDK\google-cloud-sdk\bin\..\lib\googlecloudsdk\calliope\backend.py", line 960, in Run
    resources = command_instance.Run(args)
  File "C:\Users\USER\AppData\Local\Google\Cloud SDK\google-cloud-sdk\bin\..\lib\surface\auth\activate_service_account.py", line 132, in Run
    c_store.ActivateCredentials(account, cred)
    ~~~~~~~~~~~~~~~~~~~~~~~~~~~^^^^^^^^^^^^^^^
  File "C:\Users\USER\AppData\Local\Google\Cloud SDK\google-cloud-sdk\bin\..\lib\googlecloudsdk\core\credentials\store.py", line 1393, in ActivateCredentials
    Refresh(credentials)
    ~~~~~~~^^^^^^^^^^^^^
  File "C:\Users\USER\AppData\Local\Google\Cloud SDK\google-cloud-sdk\bin\..\lib\googlecloudsdk\core\credentials\store.py", line 1064, in Refresh
    _RefreshGoogleAuthIdToken(
    ~~~~~~~~~~~~~~~~~~~~~~~~~^
        credentials,
        ^^^^^^^^^^^^
    ...<4 lines>...
        refresh_user_account_credentials=False,
        ^^^^^^^^^^^^^^^^^^^^^^^^^^^^^^^^^^^^^^^
    )
    ^
  File "C:\Users\USER\AppData\Local\Google\Cloud SDK\google-cloud-sdk\bin\..\lib\googlecloudsdk\core\credentials\store.py", line 1226, in _RefreshGoogleAuthIdToken
    id_token = _RefreshServiceAccountIdTokenGoogleAuth(
        credentials, request_client)
  File "C:\Users\USER\AppData\Local\Google\Cloud SDK\google-cloud-sdk\bin\..\lib\googlecloudsdk\core\credentials\store.py", line 1309, in _RefreshServiceAccountIdTokenGoogleAuth
    id_token_cred.refresh(request_client)
    ~~~~~~~~~~~~~~~~~~~~~^^^^^^^^^^^^^^^^
  File "C:\Users\USER\AppData\Local\Google\Cloud SDK\google-cloud-sdk\bin\..\lib\third_party\google\oauth2\service_account.py", line 824, in refresh
    access_token, expiry, _ = _client.id_token_jwt_grant(
                              ~~~~~~~~~~~~~~~~~~~~~~~~~~^
        request, self._token_uri, assertion
        ^^^^^^^^^^^^^^^^^^^^^^^^^^^^^^^^^^^
    )
    ^
  File "C:\Users\USER\AppData\Local\Google\Cloud SDK\google-cloud-sdk\bin\..\lib\third_party\google\oauth2\_client.py", line 398, in id_token_jwt_grant
    response_data = _token_endpoint_request(
        request,
    ...<5 lines>...
        },
    )
  File "C:\Users\USER\AppData\Local\Google\Cloud SDK\google-cloud-sdk\bin\..\lib\third_party\google\oauth2\_client.py", line 259, in _token_endpoint_request
    response_status_ok, response_data, retryable_error = _token_endpoint_request_no_throw(
                                                         ~~~~~~~~~~~~~~~~~~~~~~~~~~~~~~~~^
        request,
        ^^^^^^^^
    ...<6 lines>...
        **kwargs
        ^^^^^^^^
    )
    ^
  File "C:\Users\USER\AppData\Local\Google\Cloud SDK\google-cloud-sdk\bin\..\lib\third_party\google\oauth2\_client.py", line 192, in _token_endpoint_request_no_throw
    response = request(
        method="POST", url=token_uri, headers=headers_to_use, body=body, **kwargs
    )
  File "C:\Users\USER\AppData\Local\Google\Cloud SDK\google-cloud-sdk\bin\..\lib\third_party\google\auth\transport\requests.py", line 192, in __call__
    raise new_exc from caught_exc
google.auth.exceptions.TransportError: HTTPSConnectionPool(host='oauth2.googleapis.com', port=443): Max retries exceeded with url: /token (Caused by NewConnectionError("HTTPSConnection(host='oauth2.googleapis.com', port=443): Failed to establish a new connection: [WinError 10013] An attempt was made to access a socket in a way forbidden by its access permissions"))
2026-02-23 23:21:23,139 ERROR    root            (gcloud.auth.activate-service-account) There was a problem refreshing your current auth tokens: HTTPSConnectionPool(host='oauth2.googleapis.com', port=443): Max retries exceeded with url: /token (Caused by NewConnectionError("HTTPSConnection(host='oauth2.googleapis.com', port=443): Failed to establish a new connection: [WinError 10013] An attempt was made to access a socket in a way forbidden by its access permissions"))
Please run:

  $ gcloud auth login

to obtain new credentials.

If you have already logged in with a different account, run:

  $ gcloud config set account ACCOUNT

to select an already authenticated account to use.
